<?xml version="1.0" encoding="UTF-8"?>
<!-- Generated by org.testng.reporters.JUnitReportReporter -->
<testsuite hostname="DESKTOP-H4087GT" failures="0" tests="1" name="testNGBasic.CheckBoxTC" time="20.607" errors="0" timestamp="2023-12-11T19:24:26 IST" skipped="0">
  <testcase classname="testNGBasic.CheckBoxTC" name="verifyCheckBox1Displayed" time="20.607"/>
  <system-out/>
</testsuite> <!-- testNGBasic.CheckBoxTC -->
