<?xml version="1.0" encoding="UTF-8"?>
<!-- Generated by org.testng.reporters.JUnitReportReporter -->
<testsuite hostname="DESKTOP-H4087GT" failures="0" tests="1" name="testNGBasic.CheckBoxTC$LaunchBrowser" time="13.165" errors="0" timestamp="2023-12-11T18:46:43 IST" skipped="0">
  <testcase classname="testNGBasic.CheckBoxTC$LaunchBrowser" name="verifyCheckBox1Displayed" time="13.165"/>
  <system-out/>
</testsuite> <!-- testNGBasic.CheckBoxTC$LaunchBrowser -->
