<?xml version="1.0" encoding="UTF-8"?>
<!-- Generated by org.testng.reporters.JUnitReportReporter -->
<testsuite hostname="DESKTOP-H4087GT" failures="0" tests="6" name="testNGBasic.DataProvider_Example" time="76.889" errors="0" timestamp="2023-12-12T22:17:01 IST" skipped="0">
  <testcase classname="testNGBasic.DataProvider_Example" name="verifyuserNamePassword" time="20.986"/>
  <system-out/>
  <testcase classname="testNGBasic.DataProvider_Example" name="verifyuserNamePassword" time="8.040"/>
  <system-out/>
  <testcase classname="testNGBasic.DataProvider_Example" name="verifyuserNamePassword" time="8.627"/>
  <system-out/>
  <testcase classname="testNGBasic.DataProvider_Example" name="verifyuserNamePassword" time="11.202"/>
  <system-out/>
  <testcase classname="testNGBasic.DataProvider_Example" name="verifyuserNamePassword" time="10.351"/>
  <system-out/>
  <testcase classname="testNGBasic.DataProvider_Example" name="verifyuserNamePassword" time="17.683"/>
  <system-out/>
</testsuite> <!-- testNGBasic.DataProvider_Example -->
