<?xml version="1.0" encoding="UTF-8"?>
<!-- Generated by org.testng.reporters.JUnitReportReporter -->
<testsuite hostname="DESKTOP-H4087GT" failures="0" tests="2" name="testNGBasic.AllAnnotations" time="0.102" errors="0" timestamp="2023-12-05T21:51:55 IST" skipped="0">
  <testcase classname="testNGBasic.AllAnnotations" name="testCase2" time="0.050"/>
  <system-out/>
  <testcase classname="testNGBasic.AllAnnotations" name="testCase1" time="0.052"/>
  <system-out/>
</testsuite> <!-- testNGBasic.AllAnnotations -->
