<?xml version="1.0" encoding="UTF-8"?>
<!-- Generated by org.testng.reporters.JUnitReportReporter -->
<testsuite hostname="DESKTOP-H4087GT" failures="0" tests="1" name="tests.InputFormTest" time="11.011" errors="0" timestamp="2023-12-14T22:25:21 IST" skipped="0">
  <testcase classname="tests.InputFormTest" name="verifyInputButton" time="11.011"/>
  <system-out/>
</testsuite> <!-- tests.InputFormTest -->
