<?xml version="1.0" encoding="UTF-8"?>
<!-- Generated by org.testng.reporters.JUnitReportReporter -->
<testsuite hostname="DESKTOP-H4087GT" failures="0" tests="1" name="tests.DatePickersTest" time="7.519" errors="0" timestamp="2023-12-18T20:47:35 IST" skipped="0">
  <testcase classname="tests.DatePickersTest" name="verifyHeadingOfTable" time="7.519"/>
  <system-out/>
</testsuite> <!-- tests.DatePickersTest -->
