<?xml version="1.0" encoding="UTF-8"?>
<!-- Generated by org.testng.reporters.JUnitReportReporter -->
<testsuite hostname="DESKTOP-H4087GT" failures="0" tests="1" name="tests.HomeTest" time="13.253" errors="0" timestamp="2023-12-13T22:06:14 IST" skipped="0">
  <testcase classname="tests.HomeTest" name="verifyLogoPresent" time="13.253"/>
  <system-out/>
</testsuite> <!-- tests.HomeTest -->
