<?xml version="1.0" encoding="UTF-8"?>
<!-- Generated by org.testng.reporters.JUnitReportReporter -->
<testsuite hostname="DESKTOP-H4087GT" failures="0" tests="1" name="tests.TableTest" time="11.610" errors="0" timestamp="2023-12-15T22:39:24 IST" skipped="0">
  <testcase classname="tests.TableTest" name="verifyOffice" time="11.610"/>
  <system-out/>
</testsuite> <!-- tests.TableTest -->
