<?xml version="1.0" encoding="UTF-8"?>
<!-- Generated by org.testng.reporters.JUnitReportReporter -->
<testsuite hostname="DESKTOP-H4087GT" failures="0" tests="1" name="tests.AlertsAndModalsTest" time="9.773" errors="0" timestamp="2023-12-14T22:13:09 IST" skipped="0">
  <testcase classname="tests.AlertsAndModalsTest" name="verifyAlertHeadings" time="9.773"/>
  <system-out/>
</testsuite> <!-- tests.AlertsAndModalsTest -->
